This file contains any messages produced by compilers while
running configure, to aid debugging if configure makes a mistake.

It was created by rgb2yuv-c configure 1.0, which was
generated by GNU Autoconf 2.69.  Invocation command line was

  $ ./configure 

## --------- ##
## Platform. ##
## --------- ##

hostname = project2-VirtualBox
uname -m = x86_64
uname -r = 5.4.0-42-generic
uname -s = Linux
uname -v = #46~18.04.1-Ubuntu SMP Fri Jul 10 07:21:24 UTC 2020

/usr/bin/uname -p = unknown
/bin/uname -X     = unknown

/bin/arch              = unknown
/usr/bin/arch -k       = unknown
/usr/convex/getsysinfo = unknown
/usr/bin/hostinfo      = unknown
/bin/machine           = unknown
/usr/bin/oslevel       = unknown
/bin/universe          = unknown

PATH: /usr/local/sbin
PATH: /usr/local/bin
PATH: /usr/sbin
PATH: /usr/bin
PATH: /sbin
PATH: /bin
PATH: /usr/games
PATH: /usr/local/games
PATH: /snap/bin


## ----------- ##
## Core tests. ##
## ----------- ##

configure:1892: checking for a BSD-compatible install
configure:1960: result: /usr/bin/install -c
configure:1971: checking whether build environment is sane
configure:2026: result: yes
configure:2177: checking for a thread-safe mkdir -p
configure:2216: result: /bin/mkdir -p
configure:2223: checking for gawk
configure:2239: found /usr/bin/gawk
configure:2250: result: gawk
configure:2261: checking whether make sets $(MAKE)
configure:2283: result: yes
configure:2312: checking whether make supports nested variables
configure:2329: result: yes
configure:2503: checking for gcc
configure:2519: found /usr/bin/gcc
configure:2530: result: gcc
configure:2759: checking for C compiler version
configure:2768: gcc --version >&5
gcc (Ubuntu 7.5.0-3ubuntu1~18.04) 7.5.0
Copyright (C) 2017 Free Software Foundation, Inc.
This is free software; see the source for copying conditions.  There is NO
warranty; not even for MERCHANTABILITY or FITNESS FOR A PARTICULAR PURPOSE.

configure:2779: $? = 0
configure:2768: gcc -v >&5
Using built-in specs.
COLLECT_GCC=gcc
COLLECT_LTO_WRAPPER=/usr/lib/gcc/x86_64-linux-gnu/7/lto-wrapper
OFFLOAD_TARGET_NAMES=nvptx-none
OFFLOAD_TARGET_DEFAULT=1
Target: x86_64-linux-gnu
Configured with: ../src/configure -v --with-pkgversion='Ubuntu 7.5.0-3ubuntu1~18.04' --with-bugurl=file:///usr/share/doc/gcc-7/README.Bugs --enable-languages=c,ada,c++,go,brig,d,fortran,objc,obj-c++ --prefix=/usr --with-gcc-major-version-only --program-suffix=-7 --program-prefix=x86_64-linux-gnu- --enable-shared --enable-linker-build-id --libexecdir=/usr/lib --without-included-gettext --enable-threads=posix --libdir=/usr/lib --enable-nls --enable-bootstrap --enable-clocale=gnu --enable-libstdcxx-debug --enable-libstdcxx-time=yes --with-default-libstdcxx-abi=new --enable-gnu-unique-object --disable-vtable-verify --enable-libmpx --enable-plugin --enable-default-pie --with-system-zlib --with-target-system-zlib --enable-objc-gc=auto --enable-multiarch --disable-werror --with-arch-32=i686 --with-abi=m64 --with-multilib-list=m32,m64,mx32 --enable-multilib --with-tune=generic --enable-offload-targets=nvptx-none --without-cuda-driver --enable-checking=release --build=x86_64-linux-gnu --host=x86_64-linux-gnu --target=x86_64-linux-gnu
Thread model: posix
gcc version 7.5.0 (Ubuntu 7.5.0-3ubuntu1~18.04) 
configure:2779: $? = 0
configure:2768: gcc -V >&5
gcc: error: unrecognized command line option '-V'
gcc: fatal error: no input files
compilation terminated.
configure:2779: $? = 1
configure:2768: gcc -qversion >&5
gcc: error: unrecognized command line option '-qversion'; did you mean '--version'?
gcc: fatal error: no input files
compilation terminated.
configure:2779: $? = 1
configure:2799: checking whether the C compiler works
configure:2821: gcc    conftest.c  >&5
configure:2825: $? = 0
configure:2873: result: yes
configure:2876: checking for C compiler default output file name
configure:2878: result: a.out
configure:2884: checking for suffix of executables
configure:2891: gcc -o conftest    conftest.c  >&5
configure:2895: $? = 0
configure:2917: result: 
configure:2939: checking whether we are cross compiling
configure:2947: gcc -o conftest    conftest.c  >&5
configure:2951: $? = 0
configure:2958: ./conftest
configure:2962: $? = 0
configure:2977: result: no
configure:2982: checking for suffix of object files
configure:3004: gcc -c   conftest.c >&5
configure:3008: $? = 0
configure:3029: result: o
configure:3033: checking whether we are using the GNU C compiler
configure:3052: gcc -c   conftest.c >&5
configure:3052: $? = 0
configure:3061: result: yes
configure:3070: checking whether gcc accepts -g
configure:3090: gcc -c -g  conftest.c >&5
configure:3090: $? = 0
configure:3131: result: yes
configure:3148: checking for gcc option to accept ISO C89
configure:3211: gcc  -c -g -O2  conftest.c >&5
configure:3211: $? = 0
configure:3224: result: none needed
configure:3249: checking whether gcc understands -c and -o together
configure:3271: gcc -c conftest.c -o conftest2.o
configure:3274: $? = 0
configure:3271: gcc -c conftest.c -o conftest2.o
configure:3274: $? = 0
configure:3286: result: yes
configure:3314: checking for style of include used by make
configure:3342: result: GNU
configure:3368: checking dependency style of gcc
configure:3479: result: gcc3
configure:3552: checking for g++
configure:3568: found /usr/bin/g++
configure:3579: result: g++
configure:3606: checking for C++ compiler version
configure:3615: g++ --version >&5
g++ (Ubuntu 7.5.0-3ubuntu1~18.04) 7.5.0
Copyright (C) 2017 Free Software Foundation, Inc.
This is free software; see the source for copying conditions.  There is NO
warranty; not even for MERCHANTABILITY or FITNESS FOR A PARTICULAR PURPOSE.

configure:3626: $? = 0
configure:3615: g++ -v >&5
Using built-in specs.
COLLECT_GCC=g++
COLLECT_LTO_WRAPPER=/usr/lib/gcc/x86_64-linux-gnu/7/lto-wrapper
OFFLOAD_TARGET_NAMES=nvptx-none
OFFLOAD_TARGET_DEFAULT=1
Target: x86_64-linux-gnu
Configured with: ../src/configure -v --with-pkgversion='Ubuntu 7.5.0-3ubuntu1~18.04' --with-bugurl=file:///usr/share/doc/gcc-7/README.Bugs --enable-languages=c,ada,c++,go,brig,d,fortran,objc,obj-c++ --prefix=/usr --with-gcc-major-version-only --program-suffix=-7 --program-prefix=x86_64-linux-gnu- --enable-shared --enable-linker-build-id --libexecdir=/usr/lib --without-included-gettext --enable-threads=posix --libdir=/usr/lib --enable-nls --enable-bootstrap --enable-clocale=gnu --enable-libstdcxx-debug --enable-libstdcxx-time=yes --with-default-libstdcxx-abi=new --enable-gnu-unique-object --disable-vtable-verify --enable-libmpx --enable-plugin --enable-default-pie --with-system-zlib --with-target-system-zlib --enable-objc-gc=auto --enable-multiarch --disable-werror --with-arch-32=i686 --with-abi=m64 --with-multilib-list=m32,m64,mx32 --enable-multilib --with-tune=generic --enable-offload-targets=nvptx-none --without-cuda-driver --enable-checking=release --build=x86_64-linux-gnu --host=x86_64-linux-gnu --target=x86_64-linux-gnu
Thread model: posix
gcc version 7.5.0 (Ubuntu 7.5.0-3ubuntu1~18.04) 
configure:3626: $? = 0
configure:3615: g++ -V >&5
g++: error: unrecognized command line option '-V'
g++: fatal error: no input files
compilation terminated.
configure:3626: $? = 1
configure:3615: g++ -qversion >&5
g++: error: unrecognized command line option '-qversion'; did you mean '--version'?
g++: fatal error: no input files
compilation terminated.
configure:3626: $? = 1
configure:3630: checking whether we are using the GNU C++ compiler
configure:3649: g++ -c   conftest.cpp >&5
configure:3649: $? = 0
configure:3658: result: yes
configure:3667: checking whether g++ accepts -g
configure:3687: g++ -c -g  conftest.cpp >&5
configure:3687: $? = 0
configure:3728: result: yes
configure:3753: checking dependency style of g++
configure:3864: result: gcc3
configure:3992: checking that generated files are newer than configure
configure:3998: result: done
configure:4025: creating ./config.status

## ---------------------- ##
## Running config.status. ##
## ---------------------- ##

This file was extended by rgb2yuv-c config.status 1.0, which was
generated by GNU Autoconf 2.69.  Invocation command line was

  CONFIG_FILES    = 
  CONFIG_HEADERS  = 
  CONFIG_LINKS    = 
  CONFIG_COMMANDS = 
  $ ./config.status 

on project2-VirtualBox

config.status:852: creating Makefile
config.status:852: creating src/Makefile
config.status:852: creating config.h
config.status:1081: executing depfiles commands

## ---------------- ##
## Cache variables. ##
## ---------------- ##

ac_cv_c_compiler_gnu=yes
ac_cv_cxx_compiler_gnu=yes
ac_cv_env_CCC_set=
ac_cv_env_CCC_value=
ac_cv_env_CC_set=
ac_cv_env_CC_value=
ac_cv_env_CFLAGS_set=
ac_cv_env_CFLAGS_value=
ac_cv_env_CPPFLAGS_set=
ac_cv_env_CPPFLAGS_value=
ac_cv_env_CXXFLAGS_set=
ac_cv_env_CXXFLAGS_value=
ac_cv_env_CXX_set=
ac_cv_env_CXX_value=
ac_cv_env_LDFLAGS_set=
ac_cv_env_LDFLAGS_value=
ac_cv_env_LIBS_set=
ac_cv_env_LIBS_value=
ac_cv_env_build_alias_set=
ac_cv_env_build_alias_value=
ac_cv_env_host_alias_set=
ac_cv_env_host_alias_value=
ac_cv_env_target_alias_set=
ac_cv_env_target_alias_value=
ac_cv_objext=o
ac_cv_path_install='/usr/bin/install -c'
ac_cv_path_mkdir=/bin/mkdir
ac_cv_prog_AWK=gawk
ac_cv_prog_ac_ct_CC=gcc
ac_cv_prog_ac_ct_CXX=g++
ac_cv_prog_cc_c89=
ac_cv_prog_cc_g=yes
ac_cv_prog_cxx_g=yes
ac_cv_prog_make_make_set=yes
am_cv_CC_dependencies_compiler_type=gcc3
am_cv_CXX_dependencies_compiler_type=gcc3
am_cv_make_support_nested_variables=yes
am_cv_prog_cc_c_o=yes

## ----------------- ##
## Output variables. ##
## ----------------- ##

ACLOCAL='${SHELL} "/home/project2/Documents/HPEC/group1_HPCE_2020/project_2/Custom_Meta-layer/meta-hpec/recipes rgb2yuv-c/rgb2yuv-c/rgb2yuv-c-1.0/missing" aclocal-1.15'
AMDEPBACKSLASH='\'
AMDEP_FALSE='#'
AMDEP_TRUE=''
AMTAR='$${TAR-tar}'
AM_BACKSLASH='\'
AM_DEFAULT_V='$(AM_DEFAULT_VERBOSITY)'
AM_DEFAULT_VERBOSITY='1'
AM_V='$(V)'
AUTOCONF='${SHELL} "/home/project2/Documents/HPEC/group1_HPCE_2020/project_2/Custom_Meta-layer/meta-hpec/recipes rgb2yuv-c/rgb2yuv-c/rgb2yuv-c-1.0/missing" autoconf'
AUTOHEADER='${SHELL} "/home/project2/Documents/HPEC/group1_HPCE_2020/project_2/Custom_Meta-layer/meta-hpec/recipes rgb2yuv-c/rgb2yuv-c/rgb2yuv-c-1.0/missing" autoheader'
AUTOMAKE='${SHELL} "/home/project2/Documents/HPEC/group1_HPCE_2020/project_2/Custom_Meta-layer/meta-hpec/recipes rgb2yuv-c/rgb2yuv-c/rgb2yuv-c-1.0/missing" automake-1.15'
AWK='gawk'
CC='gcc'
CCDEPMODE='depmode=gcc3'
CFLAGS='-g -O2'
CPPFLAGS=''
CXX='g++'
CXXDEPMODE='depmode=gcc3'
CXXFLAGS='-g -O2'
CYGPATH_W='echo'
DEFS='-DHAVE_CONFIG_H'
DEPDIR='.deps'
ECHO_C=''
ECHO_N='-n'
ECHO_T=''
EXEEXT=''
INSTALL_DATA='${INSTALL} -m 644'
INSTALL_PROGRAM='${INSTALL}'
INSTALL_SCRIPT='${INSTALL}'
INSTALL_STRIP_PROGRAM='$(install_sh) -c -s'
LDFLAGS=''
LIBOBJS=''
LIBS=''
LTLIBOBJS=''
MAKEINFO='${SHELL} "/home/project2/Documents/HPEC/group1_HPCE_2020/project_2/Custom_Meta-layer/meta-hpec/recipes rgb2yuv-c/rgb2yuv-c/rgb2yuv-c-1.0/missing" makeinfo'
MKDIR_P='/bin/mkdir -p'
OBJEXT='o'
PACKAGE='rgb2yuv-c'
PACKAGE_BUGREPORT='sercr0388@address'
PACKAGE_NAME='rgb2yuv-c'
PACKAGE_STRING='rgb2yuv-c 1.0'
PACKAGE_TARNAME='rgb2yuv-c'
PACKAGE_URL=''
PACKAGE_VERSION='1.0'
PATH_SEPARATOR=':'
SET_MAKE=''
SHELL='/bin/bash'
STRIP=''
VERSION='1.0'
ac_ct_CC='gcc'
ac_ct_CXX='g++'
am__EXEEXT_FALSE=''
am__EXEEXT_TRUE='#'
am__fastdepCC_FALSE='#'
am__fastdepCC_TRUE=''
am__fastdepCXX_FALSE='#'
am__fastdepCXX_TRUE=''
am__include='include'
am__isrc=''
am__leading_dot='.'
am__nodep='_no'
am__quote=''
am__tar='$${TAR-tar} chof - "$$tardir"'
am__untar='$${TAR-tar} xf -'
bindir='${exec_prefix}/bin'
build_alias=''
datadir='${datarootdir}'
datarootdir='${prefix}/share'
docdir='${datarootdir}/doc/${PACKAGE_TARNAME}'
dvidir='${docdir}'
exec_prefix='${prefix}'
host_alias=''
htmldir='${docdir}'
includedir='${prefix}/include'
infodir='${datarootdir}/info'
install_sh='${SHELL} '\''/home/project2/Documents/HPEC/group1_HPCE_2020/project_2/Custom_Meta-layer/meta-hpec/recipes rgb2yuv-c/rgb2yuv-c/rgb2yuv-c-1.0/install-sh'\'''
libdir='${exec_prefix}/lib'
libexecdir='${exec_prefix}/libexec'
localedir='${datarootdir}/locale'
localstatedir='${prefix}/var'
mandir='${datarootdir}/man'
mkdir_p='$(MKDIR_P)'
oldincludedir='/usr/include'
pdfdir='${docdir}'
prefix='/usr/local'
program_transform_name='s,x,x,'
psdir='${docdir}'
runstatedir='${localstatedir}/run'
sbindir='${exec_prefix}/sbin'
sharedstatedir='${prefix}/com'
sysconfdir='${prefix}/etc'
target_alias=''

## ----------- ##
## confdefs.h. ##
## ----------- ##

/* confdefs.h */
#define PACKAGE_NAME "rgb2yuv-c"
#define PACKAGE_TARNAME "rgb2yuv-c"
#define PACKAGE_VERSION "1.0"
#define PACKAGE_STRING "rgb2yuv-c 1.0"
#define PACKAGE_BUGREPORT "sercr0388@address"
#define PACKAGE_URL ""
#define PACKAGE "rgb2yuv-c"
#define VERSION "1.0"

configure: exit 0
